0 info it worked if it ends with ok
1 verbose cli [ '/Users/matteohertel/.nvm/versions/node/v7.2.0/bin/node',
1 verbose cli   '/Users/matteohertel/.nvm/versions/node/v7.2.0/bin/npm',
1 verbose cli   'run-script',
1 verbose cli   'markdown:run' ]
2 info using npm@3.10.9
3 info using node@v7.2.0
4 verbose run-script [ 'premarkdown:run', 'markdown:run', 'postmarkdown:run' ]
5 info lifecycle poc@1.0.0~premarkdown:run: poc@1.0.0
6 silly lifecycle poc@1.0.0~premarkdown:run: no script for premarkdown:run, continuing
7 info lifecycle poc@1.0.0~markdown:run: poc@1.0.0
8 verbose lifecycle poc@1.0.0~markdown:run: unsafe-perm in lifecycle true
9 verbose lifecycle poc@1.0.0~markdown:run: PATH: /Users/matteohertel/.nvm/versions/node/v7.2.0/lib/node_modules/npm/bin/node-gyp-bin:/Users/matteohertel/Desktop/Personal/sandbox/JS/blog/node_modules/.bin:/Users/matteohertel/Desktop/node/cpDeploy:/Users/matteohertel/.nvm/versions/node/v7.2.0/bin:/usr/local/bin:/usr/bin:/bin:/usr/sbin:/sbin:/Users/matteohertel/Desktop/node/cpDeploy
10 verbose lifecycle poc@1.0.0~markdown:run: CWD: /Users/matteohertel/Desktop/Personal/sandbox/JS/blog
11 silly lifecycle poc@1.0.0~markdown:run: Args: [ '-c', 'rm -rf ./out && node index.js' ]
12 silly lifecycle poc@1.0.0~markdown:run: Returned: code: 1  signal: null
13 info lifecycle poc@1.0.0~markdown:run: Failed to exec markdown:run script
14 verbose stack Error: poc@1.0.0 markdown:run: `rm -rf ./out && node index.js`
14 verbose stack Exit status 1
14 verbose stack     at EventEmitter.<anonymous> (/Users/matteohertel/.nvm/versions/node/v7.2.0/lib/node_modules/npm/lib/utils/lifecycle.js:255:16)
14 verbose stack     at emitTwo (events.js:106:13)
14 verbose stack     at EventEmitter.emit (events.js:191:7)
14 verbose stack     at ChildProcess.<anonymous> (/Users/matteohertel/.nvm/versions/node/v7.2.0/lib/node_modules/npm/lib/utils/spawn.js:40:14)
14 verbose stack     at emitTwo (events.js:106:13)
14 verbose stack     at ChildProcess.emit (events.js:191:7)
14 verbose stack     at maybeClose (internal/child_process.js:885:16)
14 verbose stack     at Process.ChildProcess._handle.onexit (internal/child_process.js:226:5)
15 verbose pkgid poc@1.0.0
16 verbose cwd /Users/matteohertel/Desktop/Personal/sandbox/JS/blog
17 error Darwin 15.6.0
18 error argv "/Users/matteohertel/.nvm/versions/node/v7.2.0/bin/node" "/Users/matteohertel/.nvm/versions/node/v7.2.0/bin/npm" "run-script" "markdown:run"
19 error node v7.2.0
20 error npm  v3.10.9
21 error code ELIFECYCLE
22 error poc@1.0.0 markdown:run: `rm -rf ./out && node index.js`
22 error Exit status 1
23 error Failed at the poc@1.0.0 markdown:run script 'rm -rf ./out && node index.js'.
23 error Make sure you have the latest version of node.js and npm installed.
23 error If you do, this is most likely a problem with the poc package,
23 error not with npm itself.
23 error Tell the author that this fails on your system:
23 error     rm -rf ./out && node index.js
23 error You can get information on how to open an issue for this project with:
23 error     npm bugs poc
23 error Or if that isn't available, you can get their info via:
23 error     npm owner ls poc
23 error There is likely additional logging output above.
24 verbose exit [ 1, true ]
